j:\onedrive\phd\work\biofilm\software\ecoview\ecoview_src\release\vc143.pdb
j:\onedrive\phd\work\biofilm\software\ecoview\ecoview_src\release\interface.obj
j:\onedrive\phd\work\biofilm\software\ecoview\ecoview_src\release\ply.obj
j:\onedrive\phd\work\biofilm\software\ecoview\ecoview_src\release\oct.obj
j:\onedrive\phd\work\biofilm\software\ecoview\ecoview_src\release\main.obj
j:\onedrive\phd\work\biofilm\software\ecoview\ecoview_src\release\files.obj
j:\onedrive\phd\work\biofilm\software\ecoview\ecoview_src\release\ecoview.ipdb
j:\onedrive\phd\work\biofilm\software\ecoview\ecoview_src\release\ecoview.iobj
j:\onedrive\phd\work\biofilm\software\ecoview\ecoview_src\release\ecoview.exe
j:\onedrive\phd\work\biofilm\software\ecoview\ecoview_src\release\ecoview.pdb
j:\onedrive\phd\work\biofilm\software\ecoview\ecoview_src\release\resource.res
j:\onedrive\phd\work\biofilm\software\ecoview\ecoview_src\release\ecoview.tlog\cl.command.1.tlog
j:\onedrive\phd\work\biofilm\software\ecoview\ecoview_src\release\ecoview.tlog\cl.read.1.tlog
j:\onedrive\phd\work\biofilm\software\ecoview\ecoview_src\release\ecoview.tlog\cl.write.1.tlog
j:\onedrive\phd\work\biofilm\software\ecoview\ecoview_src\release\ecoview.tlog\link.command.1.tlog
j:\onedrive\phd\work\biofilm\software\ecoview\ecoview_src\release\ecoview.tlog\link.read.1.tlog
j:\onedrive\phd\work\biofilm\software\ecoview\ecoview_src\release\ecoview.tlog\link.write.1.tlog
j:\onedrive\phd\work\biofilm\software\ecoview\ecoview_src\release\ecoview.tlog\link.write.2u.tlog
j:\onedrive\phd\work\biofilm\software\ecoview\ecoview_src\release\ecoview.tlog\rc.command.1.tlog
j:\onedrive\phd\work\biofilm\software\ecoview\ecoview_src\release\ecoview.tlog\rc.read.1.tlog
j:\onedrive\phd\work\biofilm\software\ecoview\ecoview_src\release\ecoview.tlog\rc.write.1.tlog
