c:\projects\biofilm\ecoview\x64\debug\vc141.pdb
c:\projects\biofilm\ecoview\x64\debug\vc141.idb
c:\projects\biofilm\ecoview\x64\debug\main.obj
c:\projects\biofilm\ecoview\x64\debug\interface.obj
c:\projects\biofilm\ecoview\x64\debug\files.obj
d:\onedrive\phd\work\biofilm\software\ecoview\x64\debug\vc141.pdb
d:\onedrive\phd\work\biofilm\software\ecoview\x64\debug\vc141.idb
d:\onedrive\phd\work\biofilm\software\ecoview\x64\debug\ply.obj
d:\onedrive\phd\work\biofilm\software\ecoview\x64\debug\oct.obj
d:\onedrive\phd\work\biofilm\software\ecoview\x64\debug\main.obj
d:\onedrive\phd\work\biofilm\software\ecoview\x64\debug\interface.obj
d:\onedrive\phd\work\biofilm\software\ecoview\x64\debug\files.obj
c:\projects\biofilm\ecoview\x64\debug\resource.res
d:\onedrive\phd\work\biofilm\software\ecoview\x64\debug\resource.res
d:\onedrive\phd\work\biofilm\software\ecoview\x64\debug\ecoview.pdb
d:\onedrive\phd\work\biofilm\software\ecoview\x64\debug\ecoview.tlog\cl.command.1.tlog
d:\onedrive\phd\work\biofilm\software\ecoview\x64\debug\ecoview.tlog\cl.read.1.tlog
d:\onedrive\phd\work\biofilm\software\ecoview\x64\debug\ecoview.tlog\cl.write.1.tlog
d:\onedrive\phd\work\biofilm\software\ecoview\x64\debug\ecoview.tlog\link-cvtres.read.1.tlog
d:\onedrive\phd\work\biofilm\software\ecoview\x64\debug\ecoview.tlog\link-cvtres.write.1.tlog
d:\onedrive\phd\work\biofilm\software\ecoview\x64\debug\ecoview.tlog\link-rc.read.1.tlog
d:\onedrive\phd\work\biofilm\software\ecoview\x64\debug\ecoview.tlog\link-rc.write.1.tlog
d:\onedrive\phd\work\biofilm\software\ecoview\x64\debug\ecoview.tlog\link.command.1.tlog
d:\onedrive\phd\work\biofilm\software\ecoview\x64\debug\ecoview.tlog\link.read.1.tlog
d:\onedrive\phd\work\biofilm\software\ecoview\x64\debug\ecoview.tlog\link.write.1.tlog
d:\onedrive\phd\work\biofilm\software\ecoview\x64\debug\ecoview.tlog\rc.command.1.tlog
d:\onedrive\phd\work\biofilm\software\ecoview\x64\debug\ecoview.tlog\rc.read.1.tlog
d:\onedrive\phd\work\biofilm\software\ecoview\x64\debug\ecoview.tlog\rc.write.1.tlog
