j:\onedrive\phd\work\biofilm\software\ecoview\debug\vc143.pdb
j:\onedrive\phd\work\biofilm\software\ecoview\debug\vc143.idb
j:\onedrive\phd\work\biofilm\software\ecoview\debug\ply.obj
j:\onedrive\phd\work\biofilm\software\ecoview\debug\oct.obj
j:\onedrive\phd\work\biofilm\software\ecoview\debug\main.obj
j:\onedrive\phd\work\biofilm\software\ecoview\debug\interface.obj
j:\onedrive\phd\work\biofilm\software\ecoview\debug\files.obj
j:\onedrive\phd\work\biofilm\software\ecoview\debug\ecoview.exe
j:\onedrive\phd\work\biofilm\software\ecoview\debug\ecoview.ilk
j:\onedrive\phd\work\biofilm\software\ecoview\debug\ecoview.pdb
j:\onedrive\phd\work\biofilm\software\ecoview\debug\resource.res
d:\onedrive\phd\work\biofilm\software\ecoview\debug\files.obj
d:\onedrive\phd\work\biofilm\software\ecoview\debug\interface.obj
d:\onedrive\phd\work\biofilm\software\ecoview\debug\main.obj
d:\onedrive\phd\work\biofilm\software\ecoview\debug\oct.obj
d:\onedrive\phd\work\biofilm\software\ecoview\debug\ply.obj
d:\onedrive\phd\work\biofilm\software\ecoview\debug\ecoview.ilk
d:\onedrive\phd\work\biofilm\software\ecoview\debug\resource.res
d:\onedrive\phd\work\biofilm\software\ecoview\debug\vc143.idb
d:\onedrive\phd\work\biofilm\software\ecoview\debug\ecoview.pdb
d:\onedrive\phd\work\biofilm\software\ecoview\debug\vc143.pdb
d:\onedrive\phd\work\biofilm\software\ecoview\debug\ecoview.exe
d:\onedrive\phd\work\biofilm\software\ecoview\debug\ecoview.tlog\cl.command.1.tlog
d:\onedrive\phd\work\biofilm\software\ecoview\debug\ecoview.tlog\cl.read.1.tlog
d:\onedrive\phd\work\biofilm\software\ecoview\debug\ecoview.tlog\cl.write.1.tlog
d:\onedrive\phd\work\biofilm\software\ecoview\debug\ecoview.tlog\link.command.1.tlog
d:\onedrive\phd\work\biofilm\software\ecoview\debug\ecoview.tlog\link.read.1.tlog
d:\onedrive\phd\work\biofilm\software\ecoview\debug\ecoview.tlog\link.write.1.tlog
d:\onedrive\phd\work\biofilm\software\ecoview\debug\ecoview.tlog\rc.command.1.tlog
d:\onedrive\phd\work\biofilm\software\ecoview\debug\ecoview.tlog\rc.read.1.tlog
d:\onedrive\phd\work\biofilm\software\ecoview\debug\ecoview.tlog\rc.write.1.tlog
