c:\projects\jpeg\debug\jdatasrc.obj
c:\projects\jpeg\debug\jdatadst.obj
c:\projects\jpeg\debug\jdapistd.obj
c:\projects\jpeg\debug\jdapimin.obj
c:\projects\jpeg\debug\jctrans.obj
c:\projects\jpeg\debug\jcsample.obj
c:\projects\jpeg\debug\jcprepct.obj
c:\projects\jpeg\debug\jcphuff.obj
c:\projects\jpeg\debug\jcparam.obj
c:\projects\jpeg\debug\jcomapi.obj
c:\projects\jpeg\debug\jcmaster.obj
c:\projects\jpeg\debug\jcmarker.obj
c:\projects\jpeg\debug\jcmainct.obj
c:\projects\jpeg\debug\jcinit.obj
c:\projects\jpeg\debug\jchuff.obj
c:\projects\jpeg\debug\jcdctmgr.obj
c:\projects\jpeg\debug\jccolor.obj
c:\projects\jpeg\debug\jccoefct.obj
c:\projects\jpeg\debug\jcapistd.obj
c:\projects\jpeg\debug\jcapimin.obj
c:\projects\jpeg\debug\jidctint.obj
c:\projects\jpeg\debug\jidctfst.obj
c:\projects\jpeg\debug\jidctflt.obj
c:\projects\jpeg\debug\jfdctint.obj
c:\projects\jpeg\debug\jfdctfst.obj
c:\projects\jpeg\debug\jfdctflt.obj
c:\projects\jpeg\debug\jerror.obj
c:\projects\jpeg\debug\jdtrans.obj
c:\projects\jpeg\debug\jdsample.obj
c:\projects\jpeg\debug\jdpostct.obj
c:\projects\jpeg\debug\jdphuff.obj
c:\projects\jpeg\debug\jdmerge.obj
c:\projects\jpeg\debug\jdmaster.obj
c:\projects\jpeg\debug\jdmarker.obj
c:\projects\jpeg\debug\jdmainct.obj
c:\projects\jpeg\debug\jdinput.obj
c:\projects\jpeg\debug\jdhuff.obj
c:\projects\jpeg\debug\jddctmgr.obj
c:\projects\jpeg\debug\jdcolor.obj
c:\projects\jpeg\debug\jdcoefct.obj
c:\projects\jpeg\debug\jutils.obj
c:\projects\jpeg\debug\jquant2.obj
c:\projects\jpeg\debug\jquant1.obj
c:\projects\jpeg\debug\jmemmgr.obj
c:\projects\jpeg\debug\jmemansi.obj
c:\projects\jpeg\debug\jidctred.obj
c:\projects\jpeg\debug\jpeg.lib
c:\projects\jpeg\.\debug\jpeg.lib
c:\projects\jpeg\debug\jpeg.tlog\cl.command.1.tlog
c:\projects\jpeg\debug\jpeg.tlog\cl.read.1.tlog
c:\projects\jpeg\debug\jpeg.tlog\cl.write.1.tlog
c:\projects\jpeg\debug\jpeg.tlog\lib-link.read.1.tlog
c:\projects\jpeg\debug\jpeg.tlog\lib-link.write.1.tlog
c:\projects\jpeg\debug\jpeg.tlog\lib.command.1.tlog
