c:\projects\biofilm\ecoview\release\vc141.pdb
c:\projects\biofilm\ecoview\release\ply.obj
c:\projects\biofilm\ecoview\release\oct.obj
c:\projects\biofilm\ecoview\release\main.obj
c:\projects\biofilm\ecoview\release\interface.obj
c:\projects\biofilm\ecoview\release\files.obj
c:\projects\biofilm\ecoview\release\ecoview.ipdb
c:\projects\biofilm\ecoview\release\ecoview.iobj
c:\projects\biofilm\ecoview\release\ecoview.exe
c:\projects\biofilm\ecoview\release\ecoview.pdb
c:\projects\biofilm\ecoview\release\resource.res
c:\projects\biofilm\ecoview\release\ecoview.tlog\cl.command.1.tlog
c:\projects\biofilm\ecoview\release\ecoview.tlog\cl.read.1.tlog
c:\projects\biofilm\ecoview\release\ecoview.tlog\cl.write.1.tlog
c:\projects\biofilm\ecoview\release\ecoview.tlog\ecoview.write.1u.tlog
c:\projects\biofilm\ecoview\release\ecoview.tlog\link.command.1.tlog
c:\projects\biofilm\ecoview\release\ecoview.tlog\link.read.1.tlog
c:\projects\biofilm\ecoview\release\ecoview.tlog\link.write.1.tlog
c:\projects\biofilm\ecoview\release\ecoview.tlog\rc.command.1.tlog
c:\projects\biofilm\ecoview\release\ecoview.tlog\rc.read.1.tlog
c:\projects\biofilm\ecoview\release\ecoview.tlog\rc.write.1.tlog
